Started GET "/" for 127.0.0.1 at 2018-08-06 22:50:22 +0700
Processing by ApplicationController#hello as HTML
  Rendering html template
  Rendered html template (0.0ms)
Completed 200 OK in 144ms (Views: 2.4ms)


Started GET "/" for 127.0.0.1 at 2018-08-06 23:09:37 +0700
Processing by StaticPagesController#hello as HTML
  Rendering html template
  Rendered html template (0.1ms)
Completed 200 OK in 143ms (Views: 2.7ms)


Started GET "/static_pages/home" for 127.0.0.1 at 2018-08-06 23:09:44 +0700
Processing by StaticPagesController#home as HTML
  Rendering static_pages/home.html.erb within layouts/application
  Rendered static_pages/home.html.erb within layouts/application (1.6ms)
Completed 200 OK in 2072ms (Views: 2070.7ms)


Started GET "/static_pages/home" for 127.0.0.1 at 2018-08-06 23:11:44 +0700
Processing by StaticPagesController#home as HTML
  Rendering static_pages/home.html.erb within layouts/application
  Rendered static_pages/home.html.erb within layouts/application (0.8ms)
Completed 200 OK in 365ms (Views: 218.6ms)


Started GET "/static_pages/about" for 127.0.0.1 at 2018-08-06 23:18:06 +0700
Processing by StaticPagesController#about as HTML
  Rendering static_pages/about.html.erb within layouts/application
  Rendered static_pages/about.html.erb within layouts/application (0.8ms)
Completed 200 OK in 322ms (Views: 195.9ms)


Started GET "/static_pages/about" for 127.0.0.1 at 2018-08-06 23:20:53 +0700
Processing by StaticPagesController#about as HTML
  Rendering static_pages/about.html.erb
  Rendered static_pages/about.html.erb (0.8ms)
Completed 200 OK in 169ms (Views: 6.6ms)


Started GET "/static_pages/about" for 127.0.0.1 at 2018-08-06 23:20:57 +0700
Processing by StaticPagesController#about as HTML
  Rendering static_pages/about.html.erb
  Rendered static_pages/about.html.erb (0.4ms)
Completed 200 OK in 4ms (Views: 1.9ms)


Started GET "/static_pages/about" for 127.0.0.1 at 2018-08-06 23:20:58 +0700
Processing by StaticPagesController#about as HTML
  Rendering static_pages/about.html.erb
  Rendered static_pages/about.html.erb (0.8ms)
Completed 200 OK in 5ms (Views: 3.6ms)


Started GET "/static_pages/about" for 127.0.0.1 at 2018-08-06 23:20:58 +0700
Processing by StaticPagesController#about as HTML
  Rendering static_pages/about.html.erb
  Rendered static_pages/about.html.erb (0.4ms)
Completed 200 OK in 3ms (Views: 2.1ms)


Started GET "/static_pages/about" for 127.0.0.1 at 2018-08-06 23:26:03 +0700
Processing by StaticPagesController#about as HTML
  Rendering static_pages/about.html.erb
  Rendered static_pages/about.html.erb (0.6ms)
Completed 200 OK in 4ms (Views: 2.6ms)


Started GET "/" for 127.0.0.1 at 2018-08-06 23:30:22 +0700
Processing by StaticPagesController#hello as HTML
  Rendering html template
  Rendered html template (0.1ms)
Completed 200 OK in 139ms (Views: 3.3ms)


Started GET "/" for 127.0.0.1 at 2018-08-06 23:30:46 +0700
Processing by StaticPagesController#home as HTML
  Rendering static_pages/home.html.erb within layouts/application
  Rendered static_pages/home.html.erb within layouts/application (1.1ms)
Completed 200 OK in 220ms (Views: 219.3ms)


Started GET "/static_pages/home" for 127.0.0.1 at 2018-08-06 23:31:11 +0700
Processing by StaticPagesController#home as HTML
  Rendering static_pages/home.html.erb within layouts/application
  Rendered static_pages/home.html.erb within layouts/application (0.6ms)
Completed 200 OK in 25ms (Views: 23.3ms)


Started GET "/static_pages/home" for 127.0.0.1 at 2018-08-06 23:32:17 +0700
Processing by StaticPagesController#home as HTML
  Rendering static_pages/home.html.erb within layouts/application
  Rendered static_pages/home.html.erb within layouts/application (0.3ms)
Completed 200 OK in 19ms (Views: 18.1ms)


Started GET "/" for 127.0.0.1 at 2018-08-06 23:32:20 +0700
Processing by Rails::WelcomeController#index as HTML
  Rendering /home/dell/.rvm/gems/ruby-2.3.1/gems/railties-5.1.6/lib/rails/templates/rails/welcome/index.html.erb
  Rendered /home/dell/.rvm/gems/ruby-2.3.1/gems/railties-5.1.6/lib/rails/templates/rails/welcome/index.html.erb (3.6ms)
Completed 200 OK in 8ms (Views: 5.5ms)


